<?xml version="1.0" encoding="UTF-8"?>
<!-- Generated by org.testng.reporters.JUnitReportReporter -->
<testsuite hostname="Venkatesh_Ravi" failures="0" tests="2" name="TestRunner.Runner" time="30.257" errors="0" timestamp="09 Jun 2025 10:20:50 GMT" skipped="0">
  <testcase classname="TestRunner.Runner" name="runScenario" time="20.133"/>
  <testcase classname="TestRunner.Runner" name="runScenario" time="10.124"/>
</testsuite> <!-- TestRunner.Runner -->
