<?xml version="1.0" encoding="UTF-8"?>
<!-- Generated by org.testng.reporters.JUnitReportReporter -->
<testsuite hostname="Venkatesh_Ravi" failures="0" tests="1" name="TestRunner.Runner" time="55.874" errors="0" timestamp="07 Jul 2025 07:10:41 GMT" skipped="0">
  <testcase classname="TestRunner.Runner" name="runScenario" time="55.874"/>
</testsuite> <!-- TestRunner.Runner -->
