<?xml version="1.0" encoding="UTF-8"?>
<!-- Generated by org.testng.reporters.JUnitReportReporter -->
<testsuite hostname="Venkatesh_Ravi" failures="0" tests="1" name="training.Calender" time="10.545" errors="0" timestamp="09 Jul 2025 07:21:43 GMT" skipped="0">
  <testcase classname="training.Calender" name="CalanderHandle" time="10.545"/>
</testsuite> <!-- training.Calender -->
