<?xml version="1.0" encoding="UTF-8"?>
<!-- Generated by org.testng.reporters.JUnitReportReporter -->
<testsuite hostname="Venkatesh_Ravi" failures="0" tests="2" name="TestRunner.Runner" time="79.353" errors="0" timestamp="04 Jul 2025 10:54:00 GMT" skipped="0">
  <testcase classname="TestRunner.Runner" name="runScenario" time="40.674"/>
  <testcase classname="TestRunner.Runner" name="runScenario" time="38.679"/>
</testsuite> <!-- TestRunner.Runner -->
